<?xml version="1.0" encoding="UTF-8"?>
<testng-results skipped="0" failed="0" ignored="0" total="1" passed="1">
  <reporter-output>
  </reporter-output>
  <suite name="Default suite" duration-ms="20400" started-at="2021-06-04T18:03:06 CDT" finished-at="2021-06-04T18:03:27 CDT">
    <groups>
    </groups>
    <test name="Default test" duration-ms="20400" started-at="2021-06-04T18:03:06 CDT" finished-at="2021-06-04T18:03:27 CDT">
      <class name="test.AddCustomerTest">
        <test-method status="PASS" signature="validUserShouldBeAbleToAddCustomer()[pri:0, instance:test.AddCustomerTest@5a8806ef]" name="validUserShouldBeAbleToAddCustomer" duration-ms="20322" started-at="2021-06-04T18:03:06 CDT" finished-at="2021-06-04T18:03:27 CDT">
          <reporter-output>
          </reporter-output>
        </test-method> <!-- validUserShouldBeAbleToAddCustomer -->
      </class> <!-- test.AddCustomerTest -->
    </test> <!-- Default test -->
  </suite> <!-- Default suite -->
</testng-results>
